<?xml version="1.0" encoding="UTF-8"?>
<!-- Generated by org.testng.reporters.JUnitXMLReporter -->
<testsuite ignored="0" hostname="DESKTOP-5EVK54D" failures="0" tests="3" name="Test" time="9.376" errors="0" timestamp="2023-09-25T08:04:31 IST">
  <testcase classname="ecom.POST_Login" name="loginToApp" time="7.264"/>
  <testcase classname="ecom.POST_AddProduct" name="addProductToApp" time="0.664"/>
  <testcase classname="ecom.PlaceOrder" name="placeOrderTest" time="1.289"/>
</testsuite> <!-- Test -->
