<?xml version="1.0" encoding="UTF-8"?>
<testng-results ignored="0" total="1" passed="1" failed="0" skipped="0">
  <reporter-output>
  </reporter-output>
  <suite started-at="2023-09-15T08:30:44 IST" name="Default suite" finished-at="2023-09-15T08:30:51 IST" duration-ms="7098">
    <groups>
    </groups>
    <test started-at="2023-09-15T08:30:44 IST" name="Default test" finished-at="2023-09-15T08:30:51 IST" duration-ms="7098">
      <class name="dataextraction.GetOutputParameters">
        <test-method signature="getUserDetails()[pri:0, instance:dataextraction.GetOutputParameters@4a7f959b]" started-at="2023-09-15T08:30:44 IST" name="getUserDetails" finished-at="2023-09-15T08:30:51 IST" duration-ms="6920" status="PASS">
          <reporter-output>
          </reporter-output>
        </test-method> <!-- getUserDetails -->
      </class> <!-- dataextraction.GetOutputParameters -->
    </test> <!-- Default test -->
  </suite> <!-- Default suite -->
</testng-results>
