<?xml version="1.0" encoding="UTF-8"?>
<testng-results ignored="0" total="1" passed="1" failed="0" skipped="0">
  <reporter-output>
  </reporter-output>
  <suite started-at="2023-09-25T08:32:31 IST" name="Default suite" finished-at="2023-09-25T08:32:37 IST" duration-ms="6825">
    <groups>
    </groups>
    <test started-at="2023-09-25T08:32:31 IST" name="Default test" finished-at="2023-09-25T08:32:37 IST" duration-ms="6825">
      <class name="specbuilder.RequestAndResponseSpecBuilder">
        <test-method is-config="true" signature="initReqAndResponseSpec()[pri:0, instance:specbuilder.RequestAndResponseSpecBuilder@2c35e847]" started-at="2023-09-25T08:32:31 IST" name="initReqAndResponseSpec" finished-at="2023-09-25T08:32:32 IST" duration-ms="1789" status="PASS">
          <reporter-output>
          </reporter-output>
        </test-method> <!-- initReqAndResponseSpec -->
        <test-method signature="createUser()[pri:0, instance:specbuilder.RequestAndResponseSpecBuilder@2c35e847]" started-at="2023-09-25T08:32:33 IST" name="createUser" finished-at="2023-09-25T08:32:37 IST" duration-ms="4882" status="PASS">
          <reporter-output>
          </reporter-output>
        </test-method> <!-- createUser -->
      </class> <!-- specbuilder.RequestAndResponseSpecBuilder -->
    </test> <!-- Default test -->
  </suite> <!-- Default suite -->
</testng-results>
